0 info it worked if it ends with ok
1 verbose cli [ '/home/sveta/.nvm/versions/node/v5.0.0/bin/node',
1 verbose cli   '/home/sveta/.nvm/versions/node/v5.0.0/bin/npm',
1 verbose cli   'run',
1 verbose cli   'server' ]
2 info using npm@3.3.6
3 info using node@v5.0.0
4 verbose run-script [ 'preserver', 'server', 'postserver' ]
5 info lifecycle front-end@1.0.0~preserver: front-end@1.0.0
6 silly lifecycle front-end@1.0.0~preserver: no script for preserver, continuing
7 info lifecycle front-end@1.0.0~server: front-end@1.0.0
8 verbose lifecycle front-end@1.0.0~server: unsafe-perm in lifecycle true
9 verbose lifecycle front-end@1.0.0~server: PATH: /home/sveta/.nvm/versions/node/v5.0.0/lib/node_modules/npm/bin/node-gyp-bin:/home/sveta/Project/projecteducation/public-service-system/public-service-system/front-end/node_modules/.bin:/home/sveta/.nvm/versions/node/v5.0.0/bin:/home/sveta/bin:/home/sveta/.local/bin:/home/sveta/bin:/home/sveta/.local/bin:/usr/local/sbin:/usr/local/bin:/usr/sbin:/usr/bin:/sbin:/bin:/usr/games:/usr/local/games:/snap/bin:/usr/lib/jvm/java-8-oracle/bin:/usr/lib/jvm/java-8-oracle/db/bin:/usr/lib/jvm/java-8-oracle/jre/bin:/snap/bin:/usr/lib/jvm/java-8-oracle/bin:/usr/lib/jvm/java-8-oracle/db/bin:/usr/lib/jvm/java-8-oracle/jre/bin:/usr/lib/jvm/java-8-oracle:/usr/lib/jvm/java-8-oracle
10 verbose lifecycle front-end@1.0.0~server: CWD: /home/sveta/Project/projecteducation/public-service-system/public-service-system/front-end
11 silly lifecycle front-end@1.0.0~server: Args: [ '-c',
11 silly lifecycle   'cross-env NODE_ENV=development webpack-dev-server --history-api-fallback --inline --progress --port 9000 --display-reasons --colors -p --display-error-details' ]
12 info lifecycle front-end@1.0.0~server: Failed to exec server script
13 verbose stack Error: front-end@1.0.0 server: `cross-env NODE_ENV=development webpack-dev-server --history-api-fallback --inline --progress --port 9000 --display-reasons --colors -p --display-error-details`
13 verbose stack spawn ENOENT
13 verbose stack     at ChildProcess.<anonymous> (/home/sveta/.nvm/versions/node/v5.0.0/lib/node_modules/npm/lib/utils/spawn.js:17:16)
13 verbose stack     at emitTwo (events.js:87:13)
13 verbose stack     at ChildProcess.emit (events.js:172:7)
13 verbose stack     at maybeClose (internal/child_process.js:818:16)
13 verbose stack     at Process.ChildProcess._handle.onexit (internal/child_process.js:211:5)
14 verbose pkgid front-end@1.0.0
15 verbose cwd /home/sveta/Project/projecteducation/public-service-system/public-service-system/front-end/src/main
16 error Linux 4.4.0-78-generic
17 error argv "/home/sveta/.nvm/versions/node/v5.0.0/bin/node" "/home/sveta/.nvm/versions/node/v5.0.0/bin/npm" "run" "server"
18 error node v5.0.0
19 error npm  v3.3.6
20 error file sh
21 error code ELIFECYCLE
22 error errno ENOENT
23 error syscall spawn
24 error front-end@1.0.0 server: `cross-env NODE_ENV=development webpack-dev-server --history-api-fallback --inline --progress --port 9000 --display-reasons --colors -p --display-error-details`
24 error spawn ENOENT
25 error Failed at the front-end@1.0.0 server script 'cross-env NODE_ENV=development webpack-dev-server --history-api-fallback --inline --progress --port 9000 --display-reasons --colors -p --display-error-details'.
25 error This is most likely a problem with the front-end package,
25 error not with npm itself.
25 error Tell the author that this fails on your system:
25 error     cross-env NODE_ENV=development webpack-dev-server --history-api-fallback --inline --progress --port 9000 --display-reasons --colors -p --display-error-details
25 error You can get their info via:
25 error     npm owner ls front-end
25 error There is likely additional logging output above.
26 verbose exit [ 1, true ]
